#
# There is insufficient memory for the Java Runtime Environment to continue.
# Native memory allocation (mmap) failed to map 320864256 bytes for G1 virtual space
# Possible reasons:
#   The system is out of physical RAM or swap space
#   The process is running with CompressedOops enabled, and the Java Heap may be blocking the growth of the native heap
# Possible solutions:
#   Reduce memory load on the system
#   Increase physical memory or swap space
#   Check if swap backing store is full
#   Decrease Java heap size (-Xmx/-Xms)
#   Decrease number of Java threads
#   Decrease Java thread stack sizes (-Xss)
#   Set larger code cache with -XX:ReservedCodeCacheSize=
#   JVM is running with Zero Based Compressed Oops mode in which the Java heap is
#     placed in the first 32GB address space. The Java Heap base address is the
#     maximum limit for the native heap growth. Please use -XX:HeapBaseMinAddress
#     to set the Java Heap base and to place the Java Heap above 32GB virtual address.
# This output file may be truncated or incomplete.
#
#  Out of Memory Error (os_windows.cpp:3550), pid=17676, tid=17720
#
# JRE version: Java(TM) SE Runtime Environment Oracle GraalVM 17.0.8+9.1 (17.0.8+9) (build 17.0.8+9-LTS-jvmci-23.0-b14)
# Java VM: Java HotSpot(TM) 64-Bit Server VM Oracle GraalVM 17.0.8+9.1 (17.0.8+9-LTS-jvmci-23.0-b14, mixed mode, sharing, tiered, jvmci, jvmci compiler, compressed oops, compressed class ptrs, g1 gc, windows-amd64)
# No core dump will be written. Minidumps are not enabled by default on client versions of Windows
#

---------------  S U M M A R Y ------------

Command Line: -XX:ThreadPriorityPolicy=1 -XX:+UnlockExperimentalVMOptions -XX:+EnableJVMCIProduct -XX:-UnlockExperimentalVMOptions -Dmaven.multiModuleProjectDirectory=C:\Users\dougl\OneDrive\Documentos\project-java-v1 org.apache.maven.wrapper.MavenWrapperMain compile quarkus:dev

Host: Intel(R) Xeon(R) CPU E5-2620 v3 @ 2.40GHz, 12 cores, 15G,  Windows 10 , 64 bit Build 18362 (10.0.18362.1500)
Time: Mon Oct 30 17:47:18 2023 Hora oficial do Brasil elapsed time: 51.332517 seconds (0d 0h 0m 51s)

---------------  T H R E A D  ---------------

Current thread (0x00000146f1c06fb0):  VMThread "VM Thread" [stack: 0x0000000904300000,0x0000000904400000] [id=17720]

Stack: [0x0000000904300000,0x0000000904400000]
Native frames: (J=compiled Java code, j=interpreted, Vv=VM code, C=native code)
V  [jvm.dll+0x66d49a]
V  [jvm.dll+0x7cdfee]
V  [jvm.dll+0x7cf93e]
V  [jvm.dll+0x7cfff3]
V  [jvm.dll+0x245e0f]
V  [jvm.dll+0x66a349]
V  [jvm.dll+0x65ec82]
V  [jvm.dll+0x3035a6]
V  [jvm.dll+0x30ab26]
V  [jvm.dll+0x35a36e]
V  [jvm.dll+0x35a59f]
V  [jvm.dll+0x2da7b8]
V  [jvm.dll+0x2d8bc5]
V  [jvm.dll+0x2d81cc]
V  [jvm.dll+0x31b89b]
V  [jvm.dll+0x7d47fb]
V  [jvm.dll+0x7d5544]
V  [jvm.dll+0x7d5a5d]
V  [jvm.dll+0x7d5e34]
V  [jvm.dll+0x7d5f00]
V  [jvm.dll+0x77e34a]
V  [jvm.dll+0x66c2c5]
C  [ucrtbase.dll+0x210b2]
C  [KERNEL32.DLL+0x17c24]
C  [ntdll.dll+0x6d721]

VM_Operation (0x0000000903dfb450): G1CollectForAllocation, mode: safepoint, requested by thread 0x00000146ca0417b0


---------------  P R O C E S S  ---------------

Threads class SMR info:
_java_thread_list=0x00000146c17fdd20, length=13, elements={
0x00000146ca0417b0, 0x00000146f1c0bbb0, 0x00000146f1c0ca30, 0x00000146f1c21f50,
0x00000146f1c23c30, 0x00000146f1c245f0, 0x00000146f1c24fb0, 0x00000146f1c25e20,
0x00000146f1c31de0, 0x00000146f1c34fd0, 0x00000146f16a4520, 0x00000146f1d93bf0,
0x00000146c127d020
}

Java Threads: ( => current thread )
  0x00000146ca0417b0 JavaThread "main" [_thread_blocked, id=17696, stack(0x0000000903d00000,0x0000000903e00000)]
  0x00000146f1c0bbb0 JavaThread "Reference Handler" daemon [_thread_blocked, id=17724, stack(0x0000000904400000,0x0000000904500000)]
  0x00000146f1c0ca30 JavaThread "Finalizer" daemon [_thread_blocked, id=17728, stack(0x0000000904500000,0x0000000904600000)]
  0x00000146f1c21f50 JavaThread "Signal Dispatcher" daemon [_thread_blocked, id=17732, stack(0x0000000904600000,0x0000000904700000)]
  0x00000146f1c23c30 JavaThread "Attach Listener" daemon [_thread_blocked, id=17736, stack(0x0000000904700000,0x0000000904800000)]
  0x00000146f1c245f0 JavaThread "Service Thread" daemon [_thread_blocked, id=17740, stack(0x0000000904800000,0x0000000904900000)]
  0x00000146f1c24fb0 JavaThread "Monitor Deflation Thread" daemon [_thread_blocked, id=17744, stack(0x0000000904900000,0x0000000904a00000)]
  0x00000146f1c25e20 JavaThread "JVMCI-native CompilerThread0" daemon [_thread_blocked, id=17748, stack(0x0000000904a00000,0x0000000904b00000)]
  0x00000146f1c31de0 JavaThread "C1 CompilerThread0" daemon [_thread_blocked, id=17752, stack(0x0000000904b00000,0x0000000904c00000)]
  0x00000146f1c34fd0 JavaThread "Sweeper thread" daemon [_thread_blocked, id=17756, stack(0x0000000904c00000,0x0000000904d00000)]
  0x00000146f16a4520 JavaThread "Common-Cleaner" daemon [_thread_blocked, id=17760, stack(0x0000000904d00000,0x0000000904e00000)]
  0x00000146f1d93bf0 JavaThread "Notification Thread" daemon [_thread_blocked, id=17768, stack(0x0000000904f00000,0x0000000905000000)]
  0x00000146c127d020 JavaThread "C1 CompilerThread1" daemon [_thread_blocked, id=17528, stack(0x0000000905e00000,0x0000000905f00000)]

Other Threads:
=>0x00000146f1c06fb0 VMThread "VM Thread" [stack: 0x0000000904300000,0x0000000904400000] [id=17720]
  0x00000146ca0c5b80 WatcherThread [stack: 0x0000000905000000,0x0000000905100000] [id=17772]
  0x00000146ca0ad690 GCTaskThread "GC Thread#0" [stack: 0x0000000903e00000,0x0000000903f00000] [id=17700]
  0x00000146c1290260 GCTaskThread "GC Thread#1" [stack: 0x0000000904e00000,0x0000000904f00000] [id=17824]
  0x00000146c128f5f0 GCTaskThread "GC Thread#2" [stack: 0x0000000905100000,0x0000000905200000] [id=17828]
  0x00000146c128ca30 GCTaskThread "GC Thread#3" [stack: 0x0000000905200000,0x0000000905300000] [id=17832]
  0x00000146c128cce0 GCTaskThread "GC Thread#4" [stack: 0x0000000905300000,0x0000000905400000] [id=17836]
  0x00000146c128dbb0 GCTaskThread "GC Thread#5" [stack: 0x0000000905400000,0x0000000905500000] [id=17840]
  0x00000146f1c8ec90 GCTaskThread "GC Thread#6" [stack: 0x0000000905500000,0x0000000905600000] [id=17844]
  0x00000146c12fabf0 GCTaskThread "GC Thread#7" [stack: 0x0000000905600000,0x0000000905700000] [id=17848]
  0x00000146c12faea0 GCTaskThread "GC Thread#8" [stack: 0x0000000905700000,0x0000000905800000] [id=17852]
  0x00000146c12fb150 GCTaskThread "GC Thread#9" [stack: 0x0000000905800000,0x0000000905900000] [id=17856]
  0x00000146ca0be450 ConcurrentGCThread "G1 Main Marker" [stack: 0x0000000903f00000,0x0000000904000000] [id=17704]
  0x00000146ca0bee60 ConcurrentGCThread "G1 Conc#0" [stack: 0x0000000904000000,0x0000000904100000] [id=17708]
  0x00000146c1665960 ConcurrentGCThread "G1 Conc#1" [stack: 0x0000000905b00000,0x0000000905c00000] [id=17968]
  0x00000146c1665c10 ConcurrentGCThread "G1 Conc#2" [stack: 0x0000000905c00000,0x0000000905d00000] [id=17972]
  0x00000146ca105720 ConcurrentGCThread "G1 Refine#0" [stack: 0x0000000904100000,0x0000000904200000] [id=17712]
  0x00000146c1efc030 ConcurrentGCThread "G1 Refine#1" [stack: 0x0000000906000000,0x0000000906100000] [id=17488]
  0x00000146c1ef8c70 ConcurrentGCThread "G1 Refine#2" [stack: 0x0000000906100000,0x0000000906200000] [id=17484]
  0x00000146c1efb1d0 ConcurrentGCThread "G1 Refine#3" [stack: 0x0000000906200000,0x0000000906300000] [id=17496]
  0x00000146c1efa650 ConcurrentGCThread "G1 Refine#4" [stack: 0x0000000905f00000,0x0000000906000000] [id=17588]
  0x00000146ca106140 ConcurrentGCThread "G1 Service" [stack: 0x0000000904200000,0x0000000904300000] [id=17716]

Threads with active compile tasks:
JVMCI-native CompilerThread0    51362 10984       4       org.apache.maven.model.composition.DefaultDependencyManagementImporter::importManagement (224 bytes)

VM state: at safepoint (normal execution)

VM Mutex/Monitor currently owned by a thread:  ([mutex/lock_event])
[0x00000146ca03e520] Threads_lock - owner thread: 0x00000146f1c06fb0
[0x00000146ca03de60] Heap_lock - owner thread: 0x00000146ca0417b0

Heap address: 0x0000000701800000, size: 4072 MB, Compressed Oops mode: Zero based, Oop shift amount: 3

CDS archive(s) mapped at: [0x0000014680000000-0x0000014680bd0000-0x0000014680bd0000), size 12386304, SharedBaseAddress: 0x0000014680000000, ArchiveRelocationMode: 1.
Compressed class space mapped at: 0x0000014681000000-0x00000146c1000000, reserved size: 1073741824
Narrow klass base: 0x0000014680000000, Narrow klass shift: 0, Narrow klass range: 0x100000000

GC Precious Log:
 CPUs: 12 total, 12 available
 Memory: 16286M
 Large Page Support: Disabled
 NUMA Support: Disabled
 Compressed Oops: Enabled (Zero based)
 Heap Region Size: 2M
 Heap Min Capacity: 8M
 Heap Initial Capacity: 256M
 Heap Max Capacity: 4072M
 Pre-touch: Disabled
 Parallel Workers: 10
 Concurrent Workers: 3
 Concurrent Refinement Workers: 10
 Periodic GC: Disabled

Heap:
 garbage-first heap   total 442368K, used 256660K [0x0000000701800000, 0x0000000800000000)
  region size 2048K, 6 young (12288K), 6 survivors (12288K)
 Metaspace       used 46171K, committed 46656K, reserved 1114112K
  class space    used 4807K, committed 4992K, reserved 1048576K

Heap Regions: E=young(eden), S=young(survivor), O=old, HS=humongous(starts), HC=humongous(continues), CS=collection set, F=free, OA=open archive, CA=closed archive, TAMS=top-at-mark-start (previous, next)
|   0|0x0000000701800000, 0x0000000701a00000, 0x0000000701a00000|100%| O|  |TAMS 0x0000000701a00000, 0x0000000701800000| Untracked 
|   1|0x0000000701a00000, 0x0000000701c00000, 0x0000000701c00000|100%| O|  |TAMS 0x0000000701c00000, 0x0000000701a00000| Untracked 
|   2|0x0000000701c00000, 0x0000000701e00000, 0x0000000701e00000|100%| O|  |TAMS 0x0000000701e00000, 0x0000000701c00000| Untracked 
|   3|0x0000000701e00000, 0x0000000702000000, 0x0000000702000000|100%| O|  |TAMS 0x0000000702000000, 0x0000000701e00000| Untracked 
|   4|0x0000000702000000, 0x0000000702200000, 0x0000000702200000|100%| O|  |TAMS 0x0000000702200000, 0x0000000702000000| Untracked 
|   5|0x0000000702200000, 0x0000000702400000, 0x0000000702400000|100%| O|  |TAMS 0x0000000702400000, 0x0000000702200000| Untracked 
|   6|0x0000000702400000, 0x0000000702600000, 0x0000000702600000|100%| O|  |TAMS 0x0000000702600000, 0x0000000702400000| Untracked 
|   7|0x0000000702600000, 0x0000000702800000, 0x0000000702800000|100%| O|  |TAMS 0x0000000702800000, 0x0000000702600000| Untracked 
|   8|0x0000000702800000, 0x0000000702a00000, 0x0000000702a00000|100%| O|  |TAMS 0x0000000702a00000, 0x0000000702800000| Untracked 
|   9|0x0000000702a00000, 0x0000000702c00000, 0x0000000702c00000|100%| O|  |TAMS 0x0000000702c00000, 0x0000000702a00000| Untracked 
|  10|0x0000000702c00000, 0x0000000702e00000, 0x0000000702e00000|100%| O|  |TAMS 0x0000000702e00000, 0x0000000702c00000| Untracked 
|  11|0x0000000702e00000, 0x0000000703000000, 0x0000000703000000|100%| O|  |TAMS 0x0000000703000000, 0x0000000702e00000| Untracked 
|  12|0x0000000703000000, 0x0000000703200000, 0x0000000703200000|100%| O|  |TAMS 0x0000000703200000, 0x0000000703000000| Untracked 
|  13|0x0000000703200000, 0x0000000703400000, 0x0000000703400000|100%| O|  |TAMS 0x0000000703400000, 0x0000000703200000| Untracked 
|  14|0x0000000703400000, 0x0000000703600000, 0x0000000703600000|100%| O|  |TAMS 0x0000000703600000, 0x0000000703400000| Untracked 
|  15|0x0000000703600000, 0x0000000703800000, 0x0000000703800000|100%| O|  |TAMS 0x0000000703800000, 0x0000000703600000| Untracked 
|  16|0x0000000703800000, 0x0000000703a00000, 0x0000000703a00000|100%| O|  |TAMS 0x0000000703a00000, 0x0000000703800000| Untracked 
|  17|0x0000000703a00000, 0x0000000703c00000, 0x0000000703c00000|100%| O|  |TAMS 0x0000000703c00000, 0x0000000703a00000| Untracked 
|  18|0x0000000703c00000, 0x0000000703e00000, 0x0000000703e00000|100%| O|  |TAMS 0x0000000703e00000, 0x0000000703c00000| Untracked 
|  19|0x0000000703e00000, 0x0000000704000000, 0x0000000704000000|100%| O|  |TAMS 0x0000000704000000, 0x0000000703e00000| Untracked 
|  20|0x0000000704000000, 0x0000000704200000, 0x0000000704200000|100%| O|  |TAMS 0x0000000704200000, 0x0000000704000000| Untracked 
|  21|0x0000000704200000, 0x0000000704400000, 0x0000000704400000|100%| O|  |TAMS 0x0000000704400000, 0x0000000704200000| Untracked 
|  22|0x0000000704400000, 0x0000000704600000, 0x0000000704600000|100%| O|  |TAMS 0x0000000704600000, 0x0000000704400000| Untracked 
|  23|0x0000000704600000, 0x0000000704800000, 0x0000000704800000|100%| O|  |TAMS 0x0000000704800000, 0x0000000704600000| Untracked 
|  24|0x0000000704800000, 0x0000000704a00000, 0x0000000704a00000|100%| O|  |TAMS 0x0000000704a00000, 0x0000000704800000| Untracked 
|  25|0x0000000704a00000, 0x0000000704c00000, 0x0000000704c00000|100%| O|  |TAMS 0x0000000704c00000, 0x0000000704a00000| Untracked 
|  26|0x0000000704c00000, 0x0000000704e00000, 0x0000000704e00000|100%| O|  |TAMS 0x0000000704e00000, 0x0000000704c00000| Untracked 
|  27|0x0000000704e00000, 0x0000000705000000, 0x0000000705000000|100%| O|  |TAMS 0x0000000705000000, 0x0000000704e00000| Untracked 
|  28|0x0000000705000000, 0x0000000705200000, 0x0000000705200000|100%| O|  |TAMS 0x0000000705200000, 0x0000000705000000| Untracked 
|  29|0x0000000705200000, 0x0000000705400000, 0x0000000705400000|100%| O|  |TAMS 0x0000000705200000, 0x0000000705200000| Untracked 
|  30|0x0000000705400000, 0x0000000705600000, 0x0000000705600000|100%|HS|  |TAMS 0x0000000705400000, 0x0000000705400000| Complete 
|  31|0x0000000705600000, 0x0000000705800000, 0x0000000705800000|100%| O|  |TAMS 0x0000000705600000, 0x0000000705600000| Untracked 
|  32|0x0000000705800000, 0x0000000705800000, 0x0000000705a00000|  0%| F|  |TAMS 0x0000000705800000, 0x0000000705800000| Untracked 
|  33|0x0000000705a00000, 0x0000000705c00000, 0x0000000705c00000|100%| O|  |TAMS 0x0000000705c00000, 0x0000000705a00000| Untracked 
|  34|0x0000000705c00000, 0x0000000705e00000, 0x0000000705e00000|100%| O|  |TAMS 0x0000000705c00000, 0x0000000705c00000| Untracked 
|  35|0x0000000705e00000, 0x0000000706000000, 0x0000000706000000|100%| O|  |TAMS 0x0000000705e00000, 0x0000000705e00000| Untracked 
|  36|0x0000000706000000, 0x0000000706200000, 0x0000000706200000|100%| O|  |TAMS 0x0000000706000000, 0x0000000706000000| Untracked 
|  37|0x0000000706200000, 0x0000000706400000, 0x0000000706400000|100%| O|  |TAMS 0x0000000706200000, 0x0000000706200000| Untracked 
|  38|0x0000000706400000, 0x0000000706600000, 0x0000000706600000|100%| O|  |TAMS 0x0000000706400000, 0x0000000706400000| Untracked 
|  39|0x0000000706600000, 0x0000000706800000, 0x0000000706800000|100%| O|  |TAMS 0x0000000706600000, 0x0000000706600000| Untracked 
|  40|0x0000000706800000, 0x0000000706a00000, 0x0000000706a00000|100%| O|  |TAMS 0x0000000706800000, 0x0000000706800000| Untracked 
|  41|0x0000000706a00000, 0x0000000706c00000, 0x0000000706c00000|100%| O|  |TAMS 0x0000000706a00000, 0x0000000706a00000| Untracked 
|  42|0x0000000706c00000, 0x0000000706e00000, 0x0000000706e00000|100%| O|  |TAMS 0x0000000706e00000, 0x0000000706c00000| Untracked 
|  43|0x0000000706e00000, 0x0000000707000000, 0x0000000707000000|100%| O|  |TAMS 0x0000000707000000, 0x0000000706e00000| Untracked 
|  44|0x0000000707000000, 0x0000000707200000, 0x0000000707200000|100%| O|  |TAMS 0x0000000707000000, 0x0000000707000000| Untracked 
|  45|0x0000000707200000, 0x0000000707400000, 0x0000000707400000|100%| O|  |TAMS 0x0000000707200000, 0x0000000707200000| Untracked 
|  46|0x0000000707400000, 0x0000000707600000, 0x0000000707600000|100%| O|  |TAMS 0x0000000707400000, 0x0000000707400000| Untracked 
|  47|0x0000000707600000, 0x0000000707800000, 0x0000000707800000|100%| O|  |TAMS 0x0000000707600000, 0x0000000707600000| Untracked 
|  48|0x0000000707800000, 0x0000000707a00000, 0x0000000707a00000|100%| O|  |TAMS 0x0000000707800000, 0x0000000707800000| Untracked 
|  49|0x0000000707a00000, 0x0000000707c00000, 0x0000000707c00000|100%| O|  |TAMS 0x0000000707a00000, 0x0000000707a00000| Untracked 
|  50|0x0000000707c00000, 0x0000000707e00000, 0x0000000707e00000|100%| O|  |TAMS 0x0000000707c00000, 0x0000000707c00000| Untracked 
|  51|0x0000000707e00000, 0x0000000708000000, 0x0000000708000000|100%| O|  |TAMS 0x0000000707e00000, 0x0000000707e00000| Untracked 
|  52|0x0000000708000000, 0x0000000708200000, 0x0000000708200000|100%| O|  |TAMS 0x0000000708000000, 0x0000000708000000| Untracked 
|  53|0x0000000708200000, 0x0000000708400000, 0x0000000708400000|100%| O|  |TAMS 0x0000000708200000, 0x0000000708200000| Untracked 
|  54|0x0000000708400000, 0x0000000708600000, 0x0000000708600000|100%| O|  |TAMS 0x0000000708400000, 0x0000000708400000| Untracked 
|  55|0x0000000708600000, 0x0000000708800000, 0x0000000708800000|100%| O|  |TAMS 0x0000000708600000, 0x0000000708600000| Untracked 
|  56|0x0000000708800000, 0x0000000708a00000, 0x0000000708a00000|100%| O|  |TAMS 0x0000000708800000, 0x0000000708800000| Untracked 
|  57|0x0000000708a00000, 0x0000000708c00000, 0x0000000708c00000|100%| O|  |TAMS 0x0000000708a00000, 0x0000000708a00000| Untracked 
|  58|0x0000000708c00000, 0x0000000708e00000, 0x0000000708e00000|100%| O|  |TAMS 0x0000000708c00000, 0x0000000708c00000| Untracked 
|  59|0x0000000708e00000, 0x0000000709000000, 0x0000000709000000|100%| O|  |TAMS 0x0000000708e00000, 0x0000000708e00000| Untracked 
|  60|0x0000000709000000, 0x0000000709200000, 0x0000000709200000|100%| O|  |TAMS 0x0000000709000000, 0x0000000709000000| Untracked 
|  61|0x0000000709200000, 0x0000000709400000, 0x0000000709400000|100%| O|  |TAMS 0x0000000709200000, 0x0000000709200000| Untracked 
|  62|0x0000000709400000, 0x0000000709600000, 0x0000000709600000|100%| O|  |TAMS 0x0000000709400000, 0x0000000709400000| Untracked 
|  63|0x0000000709600000, 0x0000000709800000, 0x0000000709800000|100%| O|  |TAMS 0x0000000709600000, 0x0000000709600000| Untracked 
|  64|0x0000000709800000, 0x0000000709a00000, 0x0000000709a00000|100%|HS|  |TAMS 0x0000000709800000, 0x0000000709800000| Complete 
|  65|0x0000000709a00000, 0x0000000709c00000, 0x0000000709c00000|100%| O|  |TAMS 0x0000000709a00000, 0x0000000709a00000| Untracked 
|  66|0x0000000709c00000, 0x0000000709e00000, 0x0000000709e00000|100%| O|  |TAMS 0x0000000709c00000, 0x0000000709c00000| Untracked 
|  67|0x0000000709e00000, 0x000000070a000000, 0x000000070a000000|100%| O|  |TAMS 0x0000000709e00000, 0x0000000709e00000| Untracked 
|  68|0x000000070a000000, 0x000000070a200000, 0x000000070a200000|100%| O|  |TAMS 0x000000070a000000, 0x000000070a000000| Untracked 
|  69|0x000000070a200000, 0x000000070a400000, 0x000000070a400000|100%| O|  |TAMS 0x000000070a200000, 0x000000070a200000| Untracked 
|  70|0x000000070a400000, 0x000000070a600000, 0x000000070a600000|100%| O|  |TAMS 0x000000070a400000, 0x000000070a400000| Untracked 
|  71|0x000000070a600000, 0x000000070a800000, 0x000000070a800000|100%| O|  |TAMS 0x000000070a600000, 0x000000070a600000| Untracked 
|  72|0x000000070a800000, 0x000000070aa00000, 0x000000070aa00000|100%| O|  |TAMS 0x000000070a800000, 0x000000070a800000| Untracked 
|  73|0x000000070aa00000, 0x000000070ac00000, 0x000000070ac00000|100%| O|  |TAMS 0x000000070aa00000, 0x000000070aa00000| Untracked 
|  74|0x000000070ac00000, 0x000000070ae00000, 0x000000070ae00000|100%|HS|  |TAMS 0x000000070ac00000, 0x000000070ac00000| Complete 
|  75|0x000000070ae00000, 0x000000070b000000, 0x000000070b000000|100%| O|  |TAMS 0x000000070ae00000, 0x000000070ae00000| Untracked 
|  76|0x000000070b000000, 0x000000070b200000, 0x000000070b200000|100%| O|  |TAMS 0x000000070b000000, 0x000000070b000000| Untracked 
|  77|0x000000070b200000, 0x000000070b400000, 0x000000070b400000|100%| O|  |TAMS 0x000000070b200000, 0x000000070b200000| Untracked 
|  78|0x000000070b400000, 0x000000070b600000, 0x000000070b600000|100%| O|  |TAMS 0x000000070b400000, 0x000000070b400000| Untracked 
|  79|0x000000070b600000, 0x000000070b800000, 0x000000070b800000|100%| O|  |TAMS 0x000000070b600000, 0x000000070b600000| Untracked 
|  80|0x000000070b800000, 0x000000070ba00000, 0x000000070ba00000|100%| O|  |TAMS 0x000000070b800000, 0x000000070b800000| Untracked 
|  81|0x000000070ba00000, 0x000000070bc00000, 0x000000070bc00000|100%| O|  |TAMS 0x000000070ba00000, 0x000000070ba00000| Untracked 
|  82|0x000000070bc00000, 0x000000070be00000, 0x000000070be00000|100%| O|  |TAMS 0x000000070bc00000, 0x000000070bc00000| Untracked 
|  83|0x000000070be00000, 0x000000070c000000, 0x000000070c000000|100%| O|  |TAMS 0x000000070be00000, 0x000000070be00000| Untracked 
|  84|0x000000070c000000, 0x000000070c200000, 0x000000070c200000|100%| O|  |TAMS 0x000000070c000000, 0x000000070c000000| Untracked 
|  85|0x000000070c200000, 0x000000070c400000, 0x000000070c400000|100%| O|  |TAMS 0x000000070c200000, 0x000000070c200000| Untracked 
|  86|0x000000070c400000, 0x000000070c600000, 0x000000070c600000|100%| O|  |TAMS 0x000000070c400000, 0x000000070c400000| Untracked 
|  87|0x000000070c600000, 0x000000070c800000, 0x000000070c800000|100%| O|  |TAMS 0x000000070c600000, 0x000000070c600000| Untracked 
|  88|0x000000070c800000, 0x000000070ca00000, 0x000000070ca00000|100%| O|  |TAMS 0x000000070c800000, 0x000000070c800000| Untracked 
|  89|0x000000070ca00000, 0x000000070cc00000, 0x000000070cc00000|100%| O|  |TAMS 0x000000070ca00000, 0x000000070ca00000| Untracked 
|  90|0x000000070cc00000, 0x000000070ce00000, 0x000000070ce00000|100%| O|  |TAMS 0x000000070cc00000, 0x000000070cc00000| Untracked 
|  91|0x000000070ce00000, 0x000000070d000000, 0x000000070d000000|100%| O|  |TAMS 0x000000070ce00000, 0x000000070ce00000| Untracked 
|  92|0x000000070d000000, 0x000000070d200000, 0x000000070d200000|100%| O|  |TAMS 0x000000070d000000, 0x000000070d000000| Untracked 
|  93|0x000000070d200000, 0x000000070d400000, 0x000000070d400000|100%| O|  |TAMS 0x000000070d200000, 0x000000070d200000| Untracked 
|  94|0x000000070d400000, 0x000000070d600000, 0x000000070d600000|100%| O|  |TAMS 0x000000070d400000, 0x000000070d400000| Untracked 
|  95|0x000000070d600000, 0x000000070d800000, 0x000000070d800000|100%| O|  |TAMS 0x000000070d600000, 0x000000070d600000| Untracked 
|  96|0x000000070d800000, 0x000000070da00000, 0x000000070da00000|100%|HS|  |TAMS 0x000000070d800000, 0x000000070d800000| Complete 
|  97|0x000000070da00000, 0x000000070dc00000, 0x000000070dc00000|100%| O|  |TAMS 0x000000070da00000, 0x000000070da00000| Untracked 
|  98|0x000000070dc00000, 0x000000070de00000, 0x000000070de00000|100%| O|  |TAMS 0x000000070dc00000, 0x000000070dc00000| Untracked 
|  99|0x000000070de00000, 0x000000070e000000, 0x000000070e000000|100%| O|  |TAMS 0x000000070de00000, 0x000000070de00000| Untracked 
| 100|0x000000070e000000, 0x000000070e200000, 0x000000070e200000|100%| O|  |TAMS 0x000000070e000000, 0x000000070e000000| Untracked 
| 101|0x000000070e200000, 0x000000070e400000, 0x000000070e400000|100%| O|  |TAMS 0x000000070e200000, 0x000000070e200000| Untracked 
| 102|0x000000070e400000, 0x000000070e600000, 0x000000070e600000|100%| O|  |TAMS 0x000000070e400000, 0x000000070e400000| Untracked 
| 103|0x000000070e600000, 0x000000070e800000, 0x000000070e800000|100%| O|  |TAMS 0x000000070e600000, 0x000000070e600000| Untracked 
| 104|0x000000070e800000, 0x000000070ea00000, 0x000000070ea00000|100%| O|  |TAMS 0x000000070e800000, 0x000000070e800000| Untracked 
| 105|0x000000070ea00000, 0x000000070ec00000, 0x000000070ec00000|100%| O|  |TAMS 0x000000070ea00000, 0x000000070ea00000| Untracked 
| 106|0x000000070ec00000, 0x000000070ee00000, 0x000000070ee00000|100%| O|  |TAMS 0x000000070ec00000, 0x000000070ec00000| Untracked 
| 107|0x000000070ee00000, 0x000000070f000000, 0x000000070f000000|100%| O|  |TAMS 0x000000070ee00000, 0x000000070ee00000| Untracked 
| 108|0x000000070f000000, 0x000000070f200000, 0x000000070f200000|100%| O|  |TAMS 0x000000070f000000, 0x000000070f000000| Untracked 
| 109|0x000000070f200000, 0x000000070f400000, 0x000000070f400000|100%| O|  |TAMS 0x000000070f200000, 0x000000070f200000| Untracked 
| 110|0x000000070f400000, 0x000000070f600000, 0x000000070f600000|100%| O|  |TAMS 0x000000070f400000, 0x000000070f400000| Untracked 
| 111|0x000000070f600000, 0x000000070f800000, 0x000000070f800000|100%| O|  |TAMS 0x000000070f600000, 0x000000070f600000| Untracked 
| 112|0x000000070f800000, 0x000000070fa00000, 0x000000070fa00000|100%| O|  |TAMS 0x000000070f800000, 0x000000070f800000| Untracked 
| 113|0x000000070fa00000, 0x000000070fc00000, 0x000000070fc00000|100%| O|  |TAMS 0x000000070fa00000, 0x000000070fa00000| Untracked 
| 114|0x000000070fc00000, 0x000000070fe00000, 0x000000070fe00000|100%| O|  |TAMS 0x000000070fc00000, 0x000000070fc00000| Untracked 
| 115|0x000000070fe00000, 0x0000000710000000, 0x0000000710000000|100%| O|  |TAMS 0x000000070fe00000, 0x000000070fe00000| Untracked 
| 116|0x0000000710000000, 0x0000000710200000, 0x0000000710200000|100%| O|  |TAMS 0x0000000710000000, 0x0000000710000000| Untracked 
| 117|0x0000000710200000, 0x0000000710400000, 0x0000000710400000|100%| O|  |TAMS 0x0000000710200000, 0x0000000710200000| Untracked 
| 118|0x0000000710400000, 0x0000000710600000, 0x0000000710600000|100%| O|  |TAMS 0x0000000710400000, 0x0000000710400000| Untracked 
| 119|0x0000000710600000, 0x0000000710800000, 0x0000000710800000|100%| O|  |TAMS 0x0000000710600000, 0x0000000710600000| Untracked 
| 120|0x0000000710800000, 0x00000007108a5000, 0x0000000710a00000| 32%| O|  |TAMS 0x0000000710800000, 0x0000000710800000| Untracked 
| 121|0x0000000710a00000, 0x0000000710a00000, 0x0000000710c00000|  0%| F|  |TAMS 0x0000000710a00000, 0x0000000710a00000| Untracked 
| 122|0x0000000710c00000, 0x0000000710c00000, 0x0000000710e00000|  0%| F|  |TAMS 0x0000000710c00000, 0x0000000710c00000| Untracked 
| 123|0x0000000710e00000, 0x0000000710e00000, 0x0000000711000000|  0%| F|  |TAMS 0x0000000710e00000, 0x0000000710e00000| Untracked 
| 124|0x0000000711000000, 0x0000000711000000, 0x0000000711200000|  0%| F|  |TAMS 0x0000000711000000, 0x0000000711000000| Untracked 
| 125|0x0000000711200000, 0x0000000711200000, 0x0000000711400000|  0%| F|  |TAMS 0x0000000711200000, 0x0000000711200000| Untracked 
| 126|0x0000000711400000, 0x0000000711400000, 0x0000000711600000|  0%| F|  |TAMS 0x0000000711400000, 0x0000000711400000| Untracked 
| 127|0x0000000711600000, 0x0000000711600000, 0x0000000711800000|  0%| F|  |TAMS 0x0000000711600000, 0x0000000711600000| Untracked 
| 128|0x0000000711800000, 0x0000000711800000, 0x0000000711a00000|  0%| F|  |TAMS 0x0000000711800000, 0x0000000711800000| Untracked 
| 129|0x0000000711a00000, 0x0000000711a00000, 0x0000000711c00000|  0%| F|  |TAMS 0x0000000711a00000, 0x0000000711a00000| Untracked 
| 130|0x0000000711c00000, 0x0000000711c00000, 0x0000000711e00000|  0%| F|  |TAMS 0x0000000711c00000, 0x0000000711c00000| Untracked 
| 131|0x0000000711e00000, 0x0000000711e00000, 0x0000000712000000|  0%| F|  |TAMS 0x0000000711e00000, 0x0000000711e00000| Untracked 
| 132|0x0000000712000000, 0x0000000712000000, 0x0000000712200000|  0%| F|  |TAMS 0x0000000712000000, 0x0000000712000000| Untracked 
| 133|0x0000000712200000, 0x0000000712200000, 0x0000000712400000|  0%| F|  |TAMS 0x0000000712200000, 0x0000000712200000| Untracked 
| 134|0x0000000712400000, 0x0000000712400000, 0x0000000712600000|  0%| F|  |TAMS 0x0000000712400000, 0x0000000712400000| Untracked 
| 135|0x0000000712600000, 0x0000000712600000, 0x0000000712800000|  0%| F|  |TAMS 0x0000000712600000, 0x0000000712600000| Untracked 
| 136|0x0000000712800000, 0x0000000712800000, 0x0000000712a00000|  0%| F|  |TAMS 0x0000000712800000, 0x0000000712800000| Untracked 
| 137|0x0000000712a00000, 0x0000000712a00000, 0x0000000712c00000|  0%| F|  |TAMS 0x0000000712a00000, 0x0000000712a00000| Untracked 
| 138|0x0000000712c00000, 0x0000000712c00000, 0x0000000712e00000|  0%| F|  |TAMS 0x0000000712c00000, 0x0000000712c00000| Untracked 
| 139|0x0000000712e00000, 0x0000000712e00000, 0x0000000713000000|  0%| F|  |TAMS 0x0000000712e00000, 0x0000000712e00000| Untracked 
| 140|0x0000000713000000, 0x0000000713000000, 0x0000000713200000|  0%| F|  |TAMS 0x0000000713000000, 0x0000000713000000| Untracked 
| 141|0x0000000713200000, 0x0000000713200000, 0x0000000713400000|  0%| F|  |TAMS 0x0000000713200000, 0x0000000713200000| Untracked 
| 142|0x0000000713400000, 0x0000000713400000, 0x0000000713600000|  0%| F|  |TAMS 0x0000000713400000, 0x0000000713400000| Untracked 
| 143|0x0000000713600000, 0x0000000713600000, 0x0000000713800000|  0%| F|  |TAMS 0x0000000713600000, 0x0000000713600000| Untracked 
| 144|0x0000000713800000, 0x0000000713800000, 0x0000000713a00000|  0%| F|  |TAMS 0x0000000713800000, 0x0000000713800000| Untracked 
| 145|0x0000000713a00000, 0x0000000713a00000, 0x0000000713c00000|  0%| F|  |TAMS 0x0000000713a00000, 0x0000000713a00000| Untracked 
| 146|0x0000000713c00000, 0x0000000713c00000, 0x0000000713e00000|  0%| F|  |TAMS 0x0000000713c00000, 0x0000000713c00000| Untracked 
| 147|0x0000000713e00000, 0x0000000713e00000, 0x0000000714000000|  0%| F|  |TAMS 0x0000000713e00000, 0x0000000713e00000| Untracked 
| 148|0x0000000714000000, 0x0000000714000000, 0x0000000714200000|  0%| F|  |TAMS 0x0000000714000000, 0x0000000714000000| Untracked 
| 149|0x0000000714200000, 0x0000000714200000, 0x0000000714400000|  0%| F|  |TAMS 0x0000000714200000, 0x0000000714200000| Untracked 
| 150|0x0000000714400000, 0x0000000714400000, 0x0000000714600000|  0%| F|  |TAMS 0x0000000714400000, 0x0000000714400000| Untracked 
| 151|0x0000000714600000, 0x0000000714600000, 0x0000000714800000|  0%| F|  |TAMS 0x0000000714600000, 0x0000000714600000| Untracked 
| 152|0x0000000714800000, 0x0000000714800000, 0x0000000714a00000|  0%| F|  |TAMS 0x0000000714800000, 0x0000000714800000| Untracked 
| 153|0x0000000714a00000, 0x0000000714a00000, 0x0000000714c00000|  0%| F|  |TAMS 0x0000000714a00000, 0x0000000714a00000| Untracked 
| 154|0x0000000714c00000, 0x0000000714c00000, 0x0000000714e00000|  0%| F|  |TAMS 0x0000000714c00000, 0x0000000714c00000| Untracked 
| 155|0x0000000714e00000, 0x0000000714e00000, 0x0000000715000000|  0%| F|  |TAMS 0x0000000714e00000, 0x0000000714e00000| Untracked 
| 156|0x0000000715000000, 0x0000000715000000, 0x0000000715200000|  0%| F|  |TAMS 0x0000000715000000, 0x0000000715000000| Untracked 
| 157|0x0000000715200000, 0x0000000715200000, 0x0000000715400000|  0%| F|  |TAMS 0x0000000715200000, 0x0000000715200000| Untracked 
| 158|0x0000000715400000, 0x0000000715400000, 0x0000000715600000|  0%| F|  |TAMS 0x0000000715400000, 0x0000000715400000| Untracked 
| 159|0x0000000715600000, 0x0000000715600000, 0x0000000715800000|  0%| F|  |TAMS 0x0000000715600000, 0x0000000715600000| Untracked 
| 160|0x0000000715800000, 0x0000000715800000, 0x0000000715a00000|  0%| F|  |TAMS 0x0000000715800000, 0x0000000715800000| Untracked 
| 161|0x0000000715a00000, 0x0000000715a00000, 0x0000000715c00000|  0%| F|  |TAMS 0x0000000715a00000, 0x0000000715a00000| Untracked 
| 162|0x0000000715c00000, 0x0000000715c00000, 0x0000000715e00000|  0%| F|  |TAMS 0x0000000715c00000, 0x0000000715c00000| Untracked 
| 163|0x0000000715e00000, 0x0000000715e00000, 0x0000000716000000|  0%| F|  |TAMS 0x0000000715e00000, 0x0000000715e00000| Untracked 
| 164|0x0000000716000000, 0x0000000716000000, 0x0000000716200000|  0%| F|  |TAMS 0x0000000716000000, 0x0000000716000000| Untracked 
| 165|0x0000000716200000, 0x0000000716200000, 0x0000000716400000|  0%| F|  |TAMS 0x0000000716200000, 0x0000000716200000| Untracked 
| 166|0x0000000716400000, 0x0000000716400000, 0x0000000716600000|  0%| F|  |TAMS 0x0000000716400000, 0x0000000716400000| Untracked 
| 167|0x0000000716600000, 0x0000000716600000, 0x0000000716800000|  0%| F|  |TAMS 0x0000000716600000, 0x0000000716600000| Untracked 
| 168|0x0000000716800000, 0x0000000716800000, 0x0000000716a00000|  0%| F|  |TAMS 0x0000000716800000, 0x0000000716800000| Untracked 
| 169|0x0000000716a00000, 0x0000000716a00000, 0x0000000716c00000|  0%| F|  |TAMS 0x0000000716a00000, 0x0000000716a00000| Untracked 
| 170|0x0000000716c00000, 0x0000000716c00000, 0x0000000716e00000|  0%| F|  |TAMS 0x0000000716c00000, 0x0000000716c00000| Untracked 
| 171|0x0000000716e00000, 0x0000000716e00000, 0x0000000717000000|  0%| F|  |TAMS 0x0000000716e00000, 0x0000000716e00000| Untracked 
| 172|0x0000000717000000, 0x0000000717000000, 0x0000000717200000|  0%| F|  |TAMS 0x0000000717000000, 0x0000000717000000| Untracked 
| 173|0x0000000717200000, 0x0000000717200000, 0x0000000717400000|  0%| F|  |TAMS 0x0000000717200000, 0x0000000717200000| Untracked 
| 174|0x0000000717400000, 0x0000000717400000, 0x0000000717600000|  0%| F|  |TAMS 0x0000000717400000, 0x0000000717400000| Untracked 
| 175|0x0000000717600000, 0x0000000717800000, 0x0000000717800000|100%| S|CS|TAMS 0x0000000717600000, 0x0000000717600000| Complete 
| 176|0x0000000717800000, 0x0000000717a00000, 0x0000000717a00000|100%| S|CS|TAMS 0x0000000717800000, 0x0000000717800000| Complete 
| 177|0x0000000717a00000, 0x0000000717c00000, 0x0000000717c00000|100%| S|CS|TAMS 0x0000000717a00000, 0x0000000717a00000| Complete 
| 178|0x0000000717c00000, 0x0000000717e00000, 0x0000000717e00000|100%| S|CS|TAMS 0x0000000717c00000, 0x0000000717c00000| Complete 
| 179|0x0000000717e00000, 0x0000000718000000, 0x0000000718000000|100%| S|CS|TAMS 0x0000000717e00000, 0x0000000717e00000| Complete 
| 180|0x0000000718000000, 0x0000000718200000, 0x0000000718200000|100%| S|CS|TAMS 0x0000000718000000, 0x0000000718000000| Complete 
| 181|0x0000000718200000, 0x0000000718200000, 0x0000000718400000|  0%| F|  |TAMS 0x0000000718200000, 0x0000000718200000| Untracked 
| 182|0x0000000718400000, 0x0000000718400000, 0x0000000718600000|  0%| F|  |TAMS 0x0000000718400000, 0x0000000718400000| Untracked 
| 183|0x0000000718600000, 0x0000000718600000, 0x0000000718800000|  0%| F|  |TAMS 0x0000000718600000, 0x0000000718600000| Untracked 
| 184|0x0000000718800000, 0x0000000718800000, 0x0000000718a00000|  0%| F|  |TAMS 0x0000000718800000, 0x0000000718800000| Untracked 
| 185|0x0000000718a00000, 0x0000000718a00000, 0x0000000718c00000|  0%| F|  |TAMS 0x0000000718a00000, 0x0000000718a00000| Untracked 
| 186|0x0000000718c00000, 0x0000000718c00000, 0x0000000718e00000|  0%| F|  |TAMS 0x0000000718c00000, 0x0000000718c00000| Untracked 
| 187|0x0000000718e00000, 0x0000000718e00000, 0x0000000719000000|  0%| F|  |TAMS 0x0000000718e00000, 0x0000000718e00000| Untracked 
| 188|0x0000000719000000, 0x0000000719000000, 0x0000000719200000|  0%| F|  |TAMS 0x0000000719000000, 0x0000000719000000| Untracked 
| 189|0x0000000719200000, 0x0000000719200000, 0x0000000719400000|  0%| F|  |TAMS 0x0000000719200000, 0x0000000719200000| Untracked 
| 190|0x0000000719400000, 0x0000000719400000, 0x0000000719600000|  0%| F|  |TAMS 0x0000000719400000, 0x0000000719400000| Untracked 
| 191|0x0000000719600000, 0x0000000719600000, 0x0000000719800000|  0%| F|  |TAMS 0x0000000719600000, 0x0000000719600000| Untracked 
| 192|0x0000000719800000, 0x0000000719800000, 0x0000000719a00000|  0%| F|  |TAMS 0x0000000719800000, 0x0000000719800000| Untracked 
| 193|0x0000000719a00000, 0x0000000719a00000, 0x0000000719c00000|  0%| F|  |TAMS 0x0000000719a00000, 0x0000000719a00000| Untracked 
| 194|0x0000000719c00000, 0x0000000719c00000, 0x0000000719e00000|  0%| F|  |TAMS 0x0000000719c00000, 0x0000000719c00000| Untracked 
| 195|0x0000000719e00000, 0x0000000719e00000, 0x000000071a000000|  0%| F|  |TAMS 0x0000000719e00000, 0x0000000719e00000| Untracked 
| 196|0x000000071a000000, 0x000000071a000000, 0x000000071a200000|  0%| F|  |TAMS 0x000000071a000000, 0x000000071a000000| Untracked 
| 197|0x000000071a200000, 0x000000071a200000, 0x000000071a400000|  0%| F|  |TAMS 0x000000071a200000, 0x000000071a200000| Untracked 
| 198|0x000000071a400000, 0x000000071a400000, 0x000000071a600000|  0%| F|  |TAMS 0x000000071a400000, 0x000000071a400000| Untracked 
| 199|0x000000071a600000, 0x000000071a600000, 0x000000071a800000|  0%| F|  |TAMS 0x000000071a600000, 0x000000071a600000| Untracked 
| 200|0x000000071a800000, 0x000000071a800000, 0x000000071aa00000|  0%| F|  |TAMS 0x000000071a800000, 0x000000071a800000| Untracked 
| 201|0x000000071aa00000, 0x000000071aa00000, 0x000000071ac00000|  0%| F|  |TAMS 0x000000071aa00000, 0x000000071aa00000| Untracked 
| 202|0x000000071ac00000, 0x000000071ac00000, 0x000000071ae00000|  0%| F|  |TAMS 0x000000071ac00000, 0x000000071ac00000| Untracked 
| 203|0x000000071ae00000, 0x000000071ae00000, 0x000000071b000000|  0%| F|  |TAMS 0x000000071ae00000, 0x000000071ae00000| Untracked 
| 204|0x000000071b000000, 0x000000071b000000, 0x000000071b200000|  0%| F|  |TAMS 0x000000071b000000, 0x000000071b000000| Untracked 
| 205|0x000000071b200000, 0x000000071b200000, 0x000000071b400000|  0%| F|  |TAMS 0x000000071b200000, 0x000000071b200000| Untracked 
| 206|0x000000071b400000, 0x000000071b400000, 0x000000071b600000|  0%| F|  |TAMS 0x000000071b400000, 0x000000071b400000| Untracked 
| 207|0x000000071b600000, 0x000000071b600000, 0x000000071b800000|  0%| F|  |TAMS 0x000000071b600000, 0x000000071b600000| Untracked 
| 208|0x000000071b800000, 0x000000071b800000, 0x000000071ba00000|  0%| F|  |TAMS 0x000000071b800000, 0x000000071b800000| Untracked 
| 209|0x000000071ba00000, 0x000000071ba00000, 0x000000071bc00000|  0%| F|  |TAMS 0x000000071ba00000, 0x000000071ba00000| Untracked 
| 210|0x000000071bc00000, 0x000000071bc00000, 0x000000071be00000|  0%| F|  |TAMS 0x000000071bc00000, 0x000000071bc00000| Untracked 
| 211|0x000000071be00000, 0x000000071be00000, 0x000000071c000000|  0%| F|  |TAMS 0x000000071be00000, 0x000000071be00000| Untracked 
| 212|0x000000071c000000, 0x000000071c000000, 0x000000071c200000|  0%| F|  |TAMS 0x000000071c000000, 0x000000071c000000| Untracked 
| 213|0x000000071c200000, 0x000000071c200000, 0x000000071c400000|  0%| F|  |TAMS 0x000000071c200000, 0x000000071c200000| Untracked 
| 214|0x000000071c400000, 0x000000071c400000, 0x000000071c600000|  0%| F|  |TAMS 0x000000071c400000, 0x000000071c400000| Untracked 
| 215|0x000000071c600000, 0x000000071c600000, 0x000000071c800000|  0%| F|  |TAMS 0x000000071c600000, 0x000000071c600000| Untracked 

Card table byte_map: [0x00000146e5f90000,0x00000146e6790000] _byte_map_base: 0x00000146e2784000

Marking Bits (Prev, Next): (CMBitMap*) 0x00000146ca0adce0, (CMBitMap*) 0x00000146ca0adca0
 Prev Bits: [0x00000146eaf30000, 0x00000146eeed0000)
 Next Bits: [0x00000146e6f90000, 0x00000146eaf30000)

Polling page: 0x00000146c9e10000

Metaspace:

Usage:
  Non-class:     40.39 MB used.
      Class:      4.69 MB used.
       Both:     45.09 MB used.

Virtual space:
  Non-class space:       64.00 MB reserved,      40.69 MB ( 64%) committed,  1 nodes.
      Class space:        1.00 GB reserved,       4.88 MB ( <1%) committed,  1 nodes.
             Both:        1.06 GB reserved,      45.56 MB (  4%) committed. 

Chunk freelists:
   Non-Class:  6.68 MB
       Class:  11.16 MB
        Both:  17.84 MB

MaxMetaspaceSize: unlimited
CompressedClassSpaceSize: 1.00 GB
Initial GC threshold: 21.00 MB
Current GC threshold: 54.94 MB
CDS: on
MetaspaceReclaimPolicy: balanced
 - commit_granule_bytes: 65536.
 - commit_granule_words: 8192.
 - virtual_space_node_default_size: 8388608.
 - enlarge_chunks_in_place: 1.
 - new_chunks_are_fully_committed: 0.
 - uncommit_free_chunks: 1.
 - use_allocation_guard: 0.
 - handle_deallocations: 1.


Internal statistics:

num_allocs_failed_limit: 3.
num_arena_births: 362.
num_arena_deaths: 2.
num_vsnodes_births: 2.
num_vsnodes_deaths: 0.
num_space_committed: 730.
num_space_uncommitted: 1.
num_chunks_returned_to_freelist: 11.
num_chunks_taken_from_freelist: 1816.
num_chunk_merges: 6.
num_chunk_splits: 1276.
num_chunks_enlarged: 991.
num_purges: 2.
num_inconsistent_stats: 0.

CodeHeap 'non-profiled nmethods': size=119488Kb used=4846Kb max_used=5367Kb free=114641Kb
 bounds [0x00000146dd650000, 0x00000146ddb90000, 0x00000146e4b00000]
CodeHeap 'profiled nmethods': size=119424Kb used=19479Kb max_used=21241Kb free=99944Kb
 bounds [0x00000146d5b00000, 0x00000146d6fd0000, 0x00000146dcfa0000]
CodeHeap 'non-nmethods': size=6848Kb used=1847Kb max_used=2503Kb free=5000Kb
 bounds [0x00000146dcfa0000, 0x00000146dd230000, 0x00000146dd650000]
 total_blobs=9118 nmethods=8525 adapters=496
 compilation: enabled
              stopped_count=0, restarted_count=0
 full_count=0

JVMCI Events (20 events):
Event: 50.558 Thread 0x00000146f1c25e20 compacted oop handles in JVMCI runtime 0 from 258 to 235
Event: 50.570 Thread 0x00000146f1c25e20 compacted oop handles in JVMCI runtime 0 from 249 to 246
Event: 50.673 Thread 0x00000146f1c25e20 compacted oop handles in JVMCI runtime 0 from 284 to 279
Event: 50.673 Thread 0x00000146f1c25e20 compacted oop handles in JVMCI runtime 0 from 280 to 144
Event: 50.727 Thread 0x00000146f1c25e20 compacted oop handles in JVMCI runtime 0 from 194 to 188
Event: 50.749 Thread 0x00000146f1c25e20 compacted oop handles in JVMCI runtime 0 from 217 to 216
Event: 50.803 Thread 0x00000146f1c25e20 compacted oop handles in JVMCI runtime 0 from 260 to 254
Event: 50.804 Thread 0x00000146f1c25e20 compacted oop handles in JVMCI runtime 0 from 255 to 162
Event: 50.834 Thread 0x00000146f1c25e20 compacted oop handles in JVMCI runtime 0 from 188 to 186
Event: 50.853 Thread 0x00000146f1c25e20 compacted oop handles in JVMCI runtime 0 from 187 to 186
Event: 50.875 Thread 0x00000146f1c25e20 compacted oop handles in JVMCI runtime 0 from 212 to 199
Event: 50.885 Thread 0x00000146f1c25e20 compacted oop handles in JVMCI runtime 0 from 216 to 215
Event: 50.912 Thread 0x00000146f1c25e20 compacted oop handles in JVMCI runtime 0 from 223 to 217
Event: 50.912 Thread 0x00000146f1c25e20 compacted oop handles in JVMCI runtime 0 from 218 to 172
Event: 50.928 Thread 0x00000146f1c25e20 compacted oop handles in JVMCI runtime 0 from 237 to 236
Event: 50.939 Thread 0x00000146f1c25e20 compacted oop handles in JVMCI runtime 0 from 240 to 238
Event: 51.023 Thread 0x00000146f1c25e20 compacted oop handles in JVMCI runtime 0 from 273 to 267
Event: 51.024 Thread 0x00000146f1c25e20 compacted oop handles in JVMCI runtime 0 from 268 to 192
Event: 51.042 Thread 0x00000146f1c25e20 compacted oop handles in JVMCI runtime 0 from 207 to 202
Event: 51.101 Thread 0x00000146f1c25e20 compacted oop handles in JVMCI runtime 0 from 235 to 216

Compilation events (20 events):
Event: 51.101 Thread 0x00000146f1c25e20 nmethod 10327 0x00000146dd726010 code [0x00000146dd726280, 0x00000146dd7273f0]
Event: 51.101 Thread 0x00000146f1c25e20 10984       4       org.apache.maven.model.composition.DefaultDependencyManagementImporter::importManagement (224 bytes)
Event: 51.105 Thread 0x00000146f1c31de0 10985       3       java.io.File::getAbsoluteFile (38 bytes)
Event: 51.106 Thread 0x00000146f1c31de0 nmethod 10985 0x00000146d64e8910 code [0x00000146d64e8b00, 0x00000146d64e8f88]
Event: 51.144 Thread 0x00000146f1c31de0 10986       3       org.apache.maven.model.merge.ModelMerger::mergeDistributionManagement (46 bytes)
Event: 51.144 Thread 0x00000146c127d020 10987       3       org.apache.maven.model.inheritance.DefaultInheritanceAssembler$InheritanceModelMerger::appendPath (63 bytes)
Event: 51.144 Thread 0x00000146f1c31de0 nmethod 10986 0x00000146d69a0d90 code [0x00000146d69a0f60, 0x00000146d69a1b68]
Event: 51.144 Thread 0x00000146f1c31de0 10988       3       org.apache.maven.model.interpolation.StringVisitorModelInterpolator$ModelVisitor::visit (84 bytes)
Event: 51.145 Thread 0x00000146c127d020 nmethod 10987 0x00000146d6989090 code [0x00000146d6989300, 0x00000146d6989cb8]
Event: 51.146 Thread 0x00000146f1c31de0 nmethod 10988 0x00000146d5e42a10 code [0x00000146d5e42ca0, 0x00000146d5e44268]
Event: 51.166 Thread 0x00000146f1c31de0 10991   !   3       org.apache.maven.model.IssueManagement::clone (73 bytes)
Event: 51.168 Thread 0x00000146f1c31de0 nmethod 10991 0x00000146d6b25c10 code [0x00000146d6b25ec0, 0x00000146d6b26d78]
Event: 51.173 Thread 0x00000146f1c31de0 10992       2       org.apache.maven.model.io.xpp3.MavenXpp3Reader::parseRepository (318 bytes)
Event: 51.175 Thread 0x00000146f1c31de0 nmethod 10992 0x00000146d66b5310 code [0x00000146d66b5680, 0x00000146d66b6828]
Event: 51.199 Thread 0x00000146f1c31de0 10993       3       java.util.TreeMap::addEntryToEmptyMap (37 bytes)
Event: 51.199 Thread 0x00000146f1c31de0 nmethod 10993 0x00000146d69bbf90 code [0x00000146d69bc180, 0x00000146d69bcc98]
Event: 51.203 Thread 0x00000146f1c31de0 10994       3       org.apache.maven.repository.internal.DefaultModelResolver::addRepository (77 bytes)
Event: 51.204 Thread 0x00000146f1c31de0 nmethod 10994 0x00000146d5e2d310 code [0x00000146d5e2d540, 0x00000146d5e2e258]
Event: 51.258 Thread 0x00000146c127d020 10995       3       java.util.Arrays$ArrayList::toArray (47 bytes)
Event: 51.259 Thread 0x00000146c127d020 nmethod 10995 0x00000146d6346b90 code [0x00000146d6346d80, 0x00000146d63474d8]

GC Heap History (20 events):
Event: 37.327 GC heap after
{Heap after GC invocations=19 (full 0):
 garbage-first heap   total 221184K, used 127379K [0x0000000701800000, 0x0000000800000000)
  region size 2048K, 1 young (2048K), 1 survivors (2048K)
 Metaspace       used 32863K, committed 33152K, reserved 1114112K
  class space    used 3348K, committed 3520K, reserved 1048576K
}
Event: 40.118 GC heap before
{Heap before GC invocations=19 (full 0):
 garbage-first heap   total 221184K, used 147859K [0x0000000701800000, 0x0000000800000000)
  region size 2048K, 13 young (26624K), 1 survivors (2048K)
 Metaspace       used 33282K, committed 33728K, reserved 1114112K
  class space    used 3378K, committed 3584K, reserved 1048576K
}
Event: 40.124 GC heap after
{Heap after GC invocations=20 (full 0):
 garbage-first heap   total 221184K, used 137042K [0x0000000701800000, 0x0000000800000000)
  region size 2048K, 3 young (6144K), 3 survivors (6144K)
 Metaspace       used 33282K, committed 33728K, reserved 1114112K
  class space    used 3378K, committed 3584K, reserved 1048576K
}
Event: 42.671 GC heap before
{Heap before GC invocations=21 (full 0):
 garbage-first heap   total 221184K, used 143186K [0x0000000701800000, 0x0000000800000000)
  region size 2048K, 20 young (40960K), 3 survivors (6144K)
 Metaspace       used 33472K, committed 33856K, reserved 1114112K
  class space    used 3389K, committed 3584K, reserved 1048576K
}
Event: 42.687 GC heap after
{Heap after GC invocations=22 (full 0):
 garbage-first heap   total 221184K, used 120484K [0x0000000701800000, 0x0000000800000000)
  region size 2048K, 3 young (6144K), 3 survivors (6144K)
 Metaspace       used 33472K, committed 33856K, reserved 1114112K
  class space    used 3389K, committed 3584K, reserved 1048576K
}
Event: 42.700 GC heap before
{Heap before GC invocations=22 (full 0):
 garbage-first heap   total 221184K, used 124580K [0x0000000701800000, 0x0000000800000000)
  region size 2048K, 5 young (10240K), 3 survivors (6144K)
 Metaspace       used 33472K, committed 33856K, reserved 1114112K
  class space    used 3389K, committed 3584K, reserved 1048576K
}
Event: 42.706 GC heap after
{Heap after GC invocations=23 (full 0):
 garbage-first heap   total 221184K, used 100193K [0x0000000701800000, 0x0000000800000000)
  region size 2048K, 1 young (2048K), 1 survivors (2048K)
 Metaspace       used 33472K, committed 33856K, reserved 1114112K
  class space    used 3389K, committed 3584K, reserved 1048576K
}
Event: 42.742 GC heap before
{Heap before GC invocations=23 (full 0):
 garbage-first heap   total 221184K, used 108385K [0x0000000701800000, 0x0000000800000000)
  region size 2048K, 5 young (10240K), 1 survivors (2048K)
 Metaspace       used 33475K, committed 33856K, reserved 1114112K
  class space    used 3389K, committed 3584K, reserved 1048576K
}
Event: 42.750 GC heap after
{Heap after GC invocations=24 (full 0):
 garbage-first heap   total 442368K, used 95226K [0x0000000701800000, 0x0000000800000000)
  region size 2048K, 1 young (2048K), 1 survivors (2048K)
 Metaspace       used 33475K, committed 33856K, reserved 1114112K
  class space    used 3389K, committed 3584K, reserved 1048576K
}
Event: 44.953 GC heap before
{Heap before GC invocations=24 (full 0):
 garbage-first heap   total 442368K, used 240634K [0x0000000701800000, 0x0000000800000000)
  region size 2048K, 68 young (139264K), 1 survivors (2048K)
 Metaspace       used 44570K, committed 44992K, reserved 1114112K
  class space    used 4660K, committed 4864K, reserved 1048576K
}
Event: 44.973 GC heap after
{Heap after GC invocations=25 (full 0):
 garbage-first heap   total 442368K, used 118708K [0x0000000701800000, 0x0000000800000000)
  region size 2048K, 9 young (18432K), 9 survivors (18432K)
 Metaspace       used 44570K, committed 44992K, reserved 1114112K
  class space    used 4660K, committed 4864K, reserved 1048576K
}
Event: 46.009 GC heap before
{Heap before GC invocations=25 (full 0):
 garbage-first heap   total 442368K, used 268212K [0x0000000701800000, 0x0000000800000000)
  region size 2048K, 82 young (167936K), 9 survivors (18432K)
 Metaspace       used 44598K, committed 44992K, reserved 1114112K
  class space    used 4660K, committed 4864K, reserved 1048576K
}
Event: 46.045 GC heap after
{Heap after GC invocations=26 (full 0):
 garbage-first heap   total 442368K, used 137445K [0x0000000701800000, 0x0000000800000000)
  region size 2048K, 11 young (22528K), 11 survivors (22528K)
 Metaspace       used 44598K, committed 44992K, reserved 1114112K
  class space    used 4660K, committed 4864K, reserved 1048576K
}
Event: 48.518 GC heap before
{Heap before GC invocations=26 (full 0):
 garbage-first heap   total 442368K, used 284901K [0x0000000701800000, 0x0000000800000000)
  region size 2048K, 81 young (165888K), 11 survivors (22528K)
 Metaspace       used 44835K, committed 45248K, reserved 1114112K
  class space    used 4682K, committed 4864K, reserved 1048576K
}
Event: 48.554 GC heap after
{Heap after GC invocations=27 (full 0):
 garbage-first heap   total 442368K, used 172752K [0x0000000701800000, 0x0000000800000000)
  region size 2048K, 11 young (22528K), 11 survivors (22528K)
 Metaspace       used 44835K, committed 45248K, reserved 1114112K
  class space    used 4682K, committed 4864K, reserved 1048576K
}
Event: 49.512 GC heap before
{Heap before GC invocations=27 (full 0):
 garbage-first heap   total 442368K, used 305872K [0x0000000701800000, 0x0000000800000000)
  region size 2048K, 75 young (153600K), 11 survivors (22528K)
 Metaspace       used 45173K, committed 45504K, reserved 1114112K
  class space    used 4713K, committed 4864K, reserved 1048576K
}
Event: 49.557 GC heap after
{Heap after GC invocations=28 (full 0):
 garbage-first heap   total 442368K, used 211366K [0x0000000701800000, 0x0000000800000000)
  region size 2048K, 10 young (20480K), 10 survivors (20480K)
 Metaspace       used 45173K, committed 45504K, reserved 1114112K
  class space    used 4713K, committed 4864K, reserved 1048576K
}
Event: 50.681 GC heap before
{Heap before GC invocations=28 (full 0):
 garbage-first heap   total 442368K, used 317862K [0x0000000701800000, 0x0000000800000000)
  region size 2048K, 59 young (120832K), 10 survivors (20480K)
 Metaspace       used 45621K, committed 46080K, reserved 1114112K
  class space    used 4726K, committed 4928K, reserved 1048576K
}
Event: 50.718 GC heap after
{Heap after GC invocations=29 (full 0):
 garbage-first heap   total 442368K, used 251235K [0x0000000701800000, 0x0000000800000000)
  region size 2048K, 8 young (16384K), 8 survivors (16384K)
 Metaspace       used 45621K, committed 46080K, reserved 1114112K
  class space    used 4726K, committed 4928K, reserved 1048576K
}
Event: 51.290 GC heap before
{Heap before GC invocations=29 (full 0):
 garbage-first heap   total 442368K, used 322915K [0x0000000701800000, 0x0000000800000000)
  region size 2048K, 43 young (88064K), 8 survivors (16384K)
 Metaspace       used 46171K, committed 46656K, reserved 1114112K
  class space    used 4807K, committed 4992K, reserved 1048576K
}

Deoptimization events (20 events):
Event: 51.097 Thread 0x00000146ca0417b0 DEOPT PACKING pc=0x00000146d680a848 sp=0x0000000903dfb520
Event: 51.097 Thread 0x00000146ca0417b0 DEOPT UNPACKING pc=0x00000146dcff2945 sp=0x0000000903dfaa38 mode 0
Event: 51.097 Thread 0x00000146ca0417b0 DEOPT PACKING pc=0x00000146d6ed7a2c sp=0x0000000903dfb7e0
Event: 51.097 Thread 0x00000146ca0417b0 DEOPT UNPACKING pc=0x00000146dcff2945 sp=0x0000000903dfacf0 mode 0
Event: 51.131 Thread 0x00000146ca0417b0 DEOPT PACKING pc=0x00000146d6967a4b sp=0x0000000903dfabb0
Event: 51.131 Thread 0x00000146ca0417b0 DEOPT UNPACKING pc=0x00000146dcff2945 sp=0x0000000903dfa090 mode 0
Event: 51.185 Thread 0x00000146ca0417b0 DEOPT PACKING pc=0x00000146d6719c02 sp=0x0000000903dfadc0
Event: 51.185 Thread 0x00000146ca0417b0 DEOPT UNPACKING pc=0x00000146dcff2945 sp=0x0000000903dfa2f8 mode 0
Event: 51.222 Thread 0x00000146ca0417b0 DEOPT PACKING pc=0x00000146d680a848 sp=0x0000000903dfb520
Event: 51.222 Thread 0x00000146ca0417b0 DEOPT UNPACKING pc=0x00000146dcff2945 sp=0x0000000903dfaa38 mode 0
Event: 51.224 Thread 0x00000146ca0417b0 DEOPT PACKING pc=0x00000146d6ed7a2c sp=0x0000000903dfb7e0
Event: 51.224 Thread 0x00000146ca0417b0 DEOPT UNPACKING pc=0x00000146dcff2945 sp=0x0000000903dfacf0 mode 0
Event: 51.235 Thread 0x00000146ca0417b0 DEOPT PACKING pc=0x00000146d6967a4b sp=0x0000000903dfabb0
Event: 51.235 Thread 0x00000146ca0417b0 DEOPT UNPACKING pc=0x00000146dcff2945 sp=0x0000000903dfa090 mode 0
Event: 51.262 Thread 0x00000146ca0417b0 DEOPT PACKING pc=0x00000146d6cc2154 sp=0x0000000903dfa320
Event: 51.262 Thread 0x00000146ca0417b0 DEOPT UNPACKING pc=0x00000146dcff2945 sp=0x0000000903df98a0 mode 0
Event: 51.277 Thread 0x00000146ca0417b0 DEOPT PACKING pc=0x00000146d680a848 sp=0x0000000903dfb520
Event: 51.277 Thread 0x00000146ca0417b0 DEOPT UNPACKING pc=0x00000146dcff2945 sp=0x0000000903dfaa38 mode 0
Event: 51.277 Thread 0x00000146ca0417b0 DEOPT PACKING pc=0x00000146d6ed7a2c sp=0x0000000903dfb7e0
Event: 51.277 Thread 0x00000146ca0417b0 DEOPT UNPACKING pc=0x00000146dcff2945 sp=0x0000000903dfacf0 mode 0

Classes unloaded (16 events):
Event: 35.558 Thread 0x00000146f1c06fb0 Unloading class 0x0000014681316530 'org/apache/commons/cli/Util'
Event: 35.558 Thread 0x00000146f1c06fb0 Unloading class 0x0000014681316260 'org/apache/commons/cli/CommandLine'
Event: 35.558 Thread 0x00000146f1c06fb0 Unloading class 0x0000014681316000 'org/apache/commons/cli/MissingOptionException'
Event: 35.558 Thread 0x00000146f1c06fb0 Unloading class 0x0000014681315d78 'org/apache/commons/cli/MissingArgumentException'
Event: 35.558 Thread 0x00000146f1c06fb0 Unloading class 0x0000014681315b18 'org/apache/commons/cli/UnrecognizedOptionException'
Event: 35.558 Thread 0x00000146f1c06fb0 Unloading class 0x0000014681315890 'org/apache/commons/cli/GnuParser'
Event: 35.558 Thread 0x00000146f1c06fb0 Unloading class 0x0000014681315608 'org/apache/commons/cli/Parser'
Event: 35.558 Thread 0x00000146f1c06fb0 Unloading class 0x0000014681315408 'org/apache/maven/cli/CleanArgument'
Event: 35.558 Thread 0x00000146f1c06fb0 Unloading class 0x0000014681315208 'org/apache/commons/cli/OptionValidator'
Event: 35.558 Thread 0x00000146f1c06fb0 Unloading class 0x0000014681315000 'org/apache/commons/cli/Option$Builder'
Event: 35.558 Thread 0x00000146f1c06fb0 Unloading class 0x0000014681314af0 'org/apache/commons/cli/Option'
Event: 35.558 Thread 0x00000146f1c06fb0 Unloading class 0x0000014681314868 'org/apache/commons/cli/Options'
Event: 35.558 Thread 0x00000146f1c06fb0 Unloading class 0x0000014681314670 'org/apache/commons/cli/CommandLineParser'
Event: 35.558 Thread 0x00000146f1c06fb0 Unloading class 0x0000014681314458 'org/apache/maven/cli/CLIManager'
Event: 35.558 Thread 0x00000146f1c06fb0 Unloading class 0x0000014681314200 'org/apache/commons/cli/ParseException'
Event: 35.558 Thread 0x00000146f1c06fb0 Unloading class 0x0000014681314000 'io/quarkus/bootstrap/resolver/maven/options/BootstrapMavenOptionsParser'

Classes redefined (0 events):
No events

Internal exceptions (20 events):
Event: 50.798 Thread 0x00000146ca0417b0 Exception <a 'sun/nio/fs/WindowsException'{0x000000071bfbbb08}> (0x000000071bfbbb08) 
thrown [s\open\src\hotspot\share\prims\jni.cpp, line 516]
Event: 50.798 Thread 0x00000146ca0417b0 Exception <a 'sun/nio/fs/WindowsException'{0x000000071bfbbe48}> (0x000000071bfbbe48) 
thrown [s\open\src\hotspot\share\prims\jni.cpp, line 516]
Event: 50.798 Thread 0x00000146ca0417b0 Exception <a 'sun/nio/fs/WindowsException'{0x000000071bfbd8b8}> (0x000000071bfbd8b8) 
thrown [s\open\src\hotspot\share\prims\jni.cpp, line 516]
Event: 50.798 Thread 0x00000146ca0417b0 Exception <a 'sun/nio/fs/WindowsException'{0x000000071bfbdcc0}> (0x000000071bfbdcc0) 
thrown [s\open\src\hotspot\share\prims\jni.cpp, line 516]
Event: 50.814 Thread 0x00000146ca0417b0 Exception <a 'sun/nio/fs/WindowsException'{0x000000071bfff978}> (0x000000071bfff978) 
thrown [s\open\src\hotspot\share\prims\jni.cpp, line 516]
Event: 50.814 Thread 0x00000146ca0417b0 Exception <a 'sun/nio/fs/WindowsException'{0x000000071bc00800}> (0x000000071bc00800) 
thrown [s\open\src\hotspot\share\prims\jni.cpp, line 516]
Event: 50.814 Thread 0x00000146ca0417b0 Exception <a 'sun/nio/fs/WindowsException'{0x000000071bc00dc0}> (0x000000071bc00dc0) 
thrown [s\open\src\hotspot\share\prims\jni.cpp, line 516]
Event: 50.814 Thread 0x00000146ca0417b0 Exception <a 'sun/nio/fs/WindowsException'{0x000000071bc014e8}> (0x000000071bc014e8) 
thrown [s\open\src\hotspot\share\prims\jni.cpp, line 516]
Event: 50.814 Thread 0x00000146ca0417b0 Exception <a 'sun/nio/fs/WindowsException'{0x000000071bc017d8}> (0x000000071bc017d8) 
thrown [s\open\src\hotspot\share\prims\jni.cpp, line 516]
Event: 50.814 Thread 0x00000146ca0417b0 Exception <a 'sun/nio/fs/WindowsException'{0x000000071bc02470}> (0x000000071bc02470) 
thrown [s\open\src\hotspot\share\prims\jni.cpp, line 516]
Event: 50.819 Thread 0x00000146ca0417b0 Exception <a 'sun/nio/fs/WindowsException'{0x000000071bc0af88}> (0x000000071bc0af88) 
thrown [s\open\src\hotspot\share\prims\jni.cpp, line 516]
Event: 50.943 Thread 0x00000146ca0417b0 Exception <a 'java/lang/NoSuchMethodError'{0x000000071bdcf9b0}: 'int java.lang.invoke.DirectMethodHandle$Holder.invokeSpecialIFC(java.lang.Object, java.lang.Object, java.lang.Object)'> (0x000000071bdcf9b0) 
thrown [s\open\src\hotspot\share\interpreter\linkResolver.cpp, line 759]
Event: 50.945 Thread 0x00000146ca0417b0 Exception <a 'sun/nio/fs/WindowsException'{0x000000071bdf1ec0}> (0x000000071bdf1ec0) 
thrown [s\open\src\hotspot\share\prims\jni.cpp, line 516]
Event: 50.945 Thread 0x00000146ca0417b0 Exception <a 'sun/nio/fs/WindowsException'{0x000000071bdf20f0}> (0x000000071bdf20f0) 
thrown [s\open\src\hotspot\share\prims\jni.cpp, line 516]
Event: 50.968 Thread 0x00000146ca0417b0 Exception <a 'sun/nio/fs/WindowsException'{0x000000071b8bb3e8}> (0x000000071b8bb3e8) 
thrown [s\open\src\hotspot\share\prims\jni.cpp, line 516]
Event: 51.017 Thread 0x00000146ca0417b0 Exception <a 'sun/nio/fs/WindowsException'{0x000000071b623bb8}> (0x000000071b623bb8) 
thrown [s\open\src\hotspot\share\prims\jni.cpp, line 516]
Event: 51.017 Thread 0x00000146ca0417b0 Exception <a 'sun/nio/fs/WindowsException'{0x000000071b624038}> (0x000000071b624038) 
thrown [s\open\src\hotspot\share\prims\jni.cpp, line 516]
Event: 51.017 Thread 0x00000146ca0417b0 Exception <a 'sun/nio/fs/WindowsException'{0x000000071b6257e8}> (0x000000071b6257e8) 
thrown [s\open\src\hotspot\share\prims\jni.cpp, line 516]
Event: 51.017 Thread 0x00000146ca0417b0 Exception <a 'sun/nio/fs/WindowsException'{0x000000071b625b48}> (0x000000071b625b48) 
thrown [s\open\src\hotspot\share\prims\jni.cpp, line 516]
Event: 51.017 Thread 0x00000146ca0417b0 Exception <a 'sun/nio/fs/WindowsException'{0x000000071b626be0}> (0x000000071b626be0) 
thrown [s\open\src\hotspot\share\prims\jni.cpp, line 516]

VM Operations (20 events):
Event: 49.557 Executing VM operation: G1CollectForAllocation done
Event: 50.657 Executing VM operation: HandshakeAllThreads
Event: 50.657 Executing VM operation: HandshakeAllThreads done
Event: 50.657 Executing VM operation: Cleanup
Event: 50.657 Executing VM operation: Cleanup done
Event: 50.657 Executing VM operation: HandshakeAllThreads
Event: 50.657 Executing VM operation: HandshakeAllThreads done
Event: 50.681 Executing VM operation: G1CollectForAllocation
Event: 50.718 Executing VM operation: G1CollectForAllocation done
Event: 50.731 Executing VM operation: HandshakeAllThreads
Event: 50.731 Executing VM operation: HandshakeAllThreads done
Event: 50.731 Executing VM operation: HandshakeAllThreads
Event: 50.731 Executing VM operation: HandshakeAllThreads done
Event: 50.748 Executing VM operation: HandshakeAllThreads
Event: 50.748 Executing VM operation: HandshakeAllThreads done
Event: 50.780 Executing VM operation: HandshakeAllThreads
Event: 50.781 Executing VM operation: HandshakeAllThreads done
Event: 50.808 Executing VM operation: HandshakeAllThreads
Event: 50.808 Executing VM operation: HandshakeAllThreads done
Event: 51.289 Executing VM operation: G1CollectForAllocation

Events (20 events):
Event: 50.798 Thread 0x00000146f1c34fd0 flushing nmethod 0x00000146d6e50b90
Event: 50.798 Thread 0x00000146f1c34fd0 flushing nmethod 0x00000146d6e52b10
Event: 50.798 Thread 0x00000146f1c34fd0 flushing nmethod 0x00000146d6e6fc90
Event: 50.798 Thread 0x00000146f1c34fd0 flushing nmethod 0x00000146d6e88210
Event: 50.798 Thread 0x00000146f1c34fd0 flushing nmethod 0x00000146d6e89090
Event: 50.798 Thread 0x00000146f1c34fd0 flushing nmethod 0x00000146d6e8b190
Event: 50.798 Thread 0x00000146f1c34fd0 flushing nmethod 0x00000146d6eea510
Event: 50.799 Thread 0x00000146f1c34fd0 flushing nmethod 0x00000146d6ef7010
Event: 50.799 Thread 0x00000146f1c34fd0 flushing nmethod 0x00000146d6ef7690
Event: 50.799 Thread 0x00000146f1c34fd0 flushing nmethod 0x00000146d6ef7c10
Event: 50.799 Thread 0x00000146f1c34fd0 flushing nmethod 0x00000146d6ef8290
Event: 50.799 Thread 0x00000146f1c34fd0 flushing nmethod 0x00000146d6ef8e10
Event: 50.799 Thread 0x00000146f1c34fd0 flushing nmethod 0x00000146d6f01210
Event: 50.799 Thread 0x00000146f1c34fd0 flushing nmethod 0x00000146d6f99310
Event: 50.812 loading class java/util/function/ToIntBiFunction
Event: 50.812 loading class java/util/function/ToIntBiFunction done
Event: 50.938 loading class java/util/zip/ZipOutputStream
Event: 50.938 loading class java/util/zip/ZipOutputStream done
Event: 50.938 loading class java/io/DataOutputStream
Event: 50.939 loading class java/io/DataOutputStream done


Dynamic libraries:
0x00007ff70b940000 - 0x00007ff70b950000 	C:\Users\dougl\graalvm-jdk-17.0.8+9.1\bin\java.exe
0x00007ffd369c0000 - 0x00007ffd36bb0000 	C:\Windows\SYSTEM32\ntdll.dll
0x00007ffd36140000 - 0x00007ffd361f2000 	C:\Windows\System32\KERNEL32.DLL
0x00007ffd34240000 - 0x00007ffd344e5000 	C:\Windows\System32\KERNELBASE.dll
0x00007ffd34870000 - 0x00007ffd3496a000 	C:\Windows\System32\ucrtbase.dll
0x00007ffd12090000 - 0x00007ffd120a9000 	C:\Users\dougl\graalvm-jdk-17.0.8+9.1\bin\jli.dll
0x00007ffd368d0000 - 0x00007ffd36973000 	C:\Windows\System32\ADVAPI32.dll
0x00007ffd35630000 - 0x00007ffd356ce000 	C:\Windows\System32\msvcrt.dll
0x00007ffd364f0000 - 0x00007ffd36587000 	C:\Windows\System32\sechost.dll
0x00007ffd35510000 - 0x00007ffd3562f000 	C:\Windows\System32\RPCRT4.dll
0x00007ffd0e5f0000 - 0x00007ffd0e60b000 	C:\Users\dougl\graalvm-jdk-17.0.8+9.1\bin\VCRUNTIME140.dll
0x00007ffd36350000 - 0x00007ffd364e4000 	C:\Windows\System32\USER32.dll
0x00007ffd33930000 - 0x00007ffd33951000 	C:\Windows\System32\win32u.dll
0x00007ffd35420000 - 0x00007ffd35446000 	C:\Windows\System32\GDI32.dll
0x00007ffd34590000 - 0x00007ffd34728000 	C:\Windows\System32\gdi32full.dll
0x00007ffd34970000 - 0x00007ffd34a0e000 	C:\Windows\System32\msvcp_win.dll
0x00007ffd2df90000 - 0x00007ffd2df9a000 	C:\Windows\SYSTEM32\VERSION.dll
0x00007ffd1f010000 - 0x00007ffd1f294000 	C:\Windows\WinSxS\amd64_microsoft.windows.common-controls_6595b64144ccf1df_6.0.18362.1556_none_9e7e372fe45e41d5\COMCTL32.dll
0x00007ffd36590000 - 0x00007ffd368c6000 	C:\Windows\System32\combase.dll
0x00007ffd347e0000 - 0x00007ffd34861000 	C:\Windows\System32\bcryptPrimitives.dll
0x00007ffd36040000 - 0x00007ffd3606e000 	C:\Windows\System32\IMM32.DLL
0x00007ffd13bb0000 - 0x00007ffd13bbc000 	C:\Users\dougl\graalvm-jdk-17.0.8+9.1\bin\vcruntime140_1.dll
0x00007ffcf5b70000 - 0x00007ffcf5bfe000 	C:\Users\dougl\graalvm-jdk-17.0.8+9.1\bin\msvcp140.dll
0x00007ffca4900000 - 0x00007ffca54d5000 	C:\Users\dougl\graalvm-jdk-17.0.8+9.1\bin\server\jvm.dll
0x00007ffd35500000 - 0x00007ffd35508000 	C:\Windows\System32\PSAPI.DLL
0x00007ffd0acb0000 - 0x00007ffd0acb9000 	C:\Windows\SYSTEM32\WSOCK32.dll
0x00007ffd304c0000 - 0x00007ffd304e4000 	C:\Windows\SYSTEM32\WINMM.dll
0x00007ffd36070000 - 0x00007ffd360df000 	C:\Windows\System32\WS2_32.dll
0x00007ffd30490000 - 0x00007ffd304bd000 	C:\Windows\SYSTEM32\WINMMBASE.dll
0x00007ffd34520000 - 0x00007ffd3456a000 	C:\Windows\System32\cfgmgr32.dll
0x00007ffd338d0000 - 0x00007ffd338e1000 	C:\Windows\System32\kernel.appcore.dll
0x00007ffd12060000 - 0x00007ffd1206a000 	C:\Users\dougl\graalvm-jdk-17.0.8+9.1\bin\jimage.dll
0x00007ffd1b4e0000 - 0x00007ffd1b6d4000 	C:\Windows\SYSTEM32\DBGHELP.DLL
0x00007ffd1ab10000 - 0x00007ffd1ab3a000 	C:\Windows\SYSTEM32\dbgcore.DLL
0x00007ffd0ded0000 - 0x00007ffd0def5000 	C:\Users\dougl\graalvm-jdk-17.0.8+9.1\bin\java.dll
0x00007ffcce290000 - 0x00007ffcce367000 	C:\Users\dougl\graalvm-jdk-17.0.8+9.1\bin\jsvml.dll
0x00007ffd34b40000 - 0x00007ffd35227000 	C:\Windows\System32\SHELL32.dll
0x00007ffd35450000 - 0x00007ffd354f8000 	C:\Windows\System32\shcore.dll
0x00007ffd33ac0000 - 0x00007ffd3423b000 	C:\Windows\System32\windows.storage.dll
0x00007ffd338f0000 - 0x00007ffd3390e000 	C:\Windows\System32\profapi.dll
0x00007ffd33880000 - 0x00007ffd338ca000 	C:\Windows\System32\powrprof.dll
0x00007ffd33870000 - 0x00007ffd33880000 	C:\Windows\System32\UMPDC.dll
0x00007ffd358f0000 - 0x00007ffd35942000 	C:\Windows\System32\shlwapi.dll
0x00007ffd34570000 - 0x00007ffd34587000 	C:\Windows\System32\cryptsp.dll
0x00007ffd0da70000 - 0x00007ffd0da89000 	C:\Users\dougl\graalvm-jdk-17.0.8+9.1\bin\net.dll
0x00007ffd2ee10000 - 0x00007ffd2ef0a000 	C:\Windows\SYSTEM32\WINHTTP.dll
0x00007ffd33060000 - 0x00007ffd330c7000 	C:\Windows\system32\mswsock.dll
0x00007ffd0da50000 - 0x00007ffd0da66000 	C:\Users\dougl\graalvm-jdk-17.0.8+9.1\bin\nio.dll
0x00007ffd0d560000 - 0x00007ffd0d578000 	C:\Users\dougl\graalvm-jdk-17.0.8+9.1\bin\zip.dll
0x00007ffca1ec0000 - 0x00007ffca48f3000 	C:\Users\dougl\graalvm-jdk-17.0.8+9.1\bin\jvmcicompiler.dll
0x00007ffd33960000 - 0x00007ffd33ab1000 	C:\Windows\System32\CRYPT32.dll
0x00007ffd33910000 - 0x00007ffd33922000 	C:\Windows\System32\MSASN1.dll
0x00007ffd33390000 - 0x00007ffd333b6000 	C:\Windows\SYSTEM32\ncrypt.dll
0x00007ffd344f0000 - 0x00007ffd34516000 	C:\Windows\System32\bcrypt.dll
0x00007ffd32d80000 - 0x00007ffd32dba000 	C:\Windows\SYSTEM32\IPHLPAPI.DLL
0x00007ffd33790000 - 0x00007ffd337b5000 	C:\Windows\SYSTEM32\USERENV.dll
0x00007ffd33350000 - 0x00007ffd3338b000 	C:\Windows\SYSTEM32\NTASN1.dll
0x00007ffd32bf0000 - 0x00007ffd32c23000 	C:\Windows\system32\rsaenh.dll
0x00007ffd331e0000 - 0x00007ffd331ec000 	C:\Windows\SYSTEM32\CRYPTBASE.dll
0x00007ffd35ed0000 - 0x00007ffd35ed8000 	C:\Windows\System32\NSI.dll
0x00007ffd2dc10000 - 0x00007ffd2dc26000 	C:\Windows\SYSTEM32\dhcpcsvc6.DLL
0x00007ffd2dad0000 - 0x00007ffd2daec000 	C:\Windows\SYSTEM32\dhcpcsvc.DLL
0x00007ffd32dc0000 - 0x00007ffd32e8b000 	C:\Windows\SYSTEM32\DNSAPI.dll
0x00007ffd302d0000 - 0x00007ffd302de000 	C:\Users\dougl\graalvm-jdk-17.0.8+9.1\bin\sunmscapi.dll
0x00007ffd29240000 - 0x00007ffd2924a000 	C:\Windows\System32\rasadhlp.dll
0x00007ffd2d140000 - 0x00007ffd2d1b7000 	C:\Windows\System32\fwpuclnt.dll
0x0000000069ac0000 - 0x0000000069ae4000 	C:\Users\dougl\AppData\Local\Temp\jansi-2.4.0-36e3e9d4d4480560-jansi.dll
0x00007ffd11650000 - 0x00007ffd11660000 	C:\Users\dougl\graalvm-jdk-17.0.8+9.1\bin\verify.dll
0x00007ffd32870000 - 0x00007ffd328a1000 	C:\Windows\SYSTEM32\ntmarta.dll
0x00007ffd0aa90000 - 0x00007ffd0aaa6000 	C:\Windows\system32\napinsp.dll
0x00007ffd0aa70000 - 0x00007ffd0aa8a000 	C:\Windows\system32\pnrpnsp.dll
0x00007ffd0aa60000 - 0x00007ffd0aa6e000 	C:\Windows\System32\winrnr.dll
0x00007ffd30090000 - 0x00007ffd300ac000 	C:\Windows\system32\NLAapi.dll
0x00007ffd0aa40000 - 0x00007ffd0aa55000 	C:\Windows\system32\wshbth.dll

dbghelp: loaded successfully - version: 4.0.5 - missing functions: none
symbol engine: initialized successfully - sym options: 0x614 - pdb path: .;C:\Users\dougl\graalvm-jdk-17.0.8+9.1\bin;C:\Windows\SYSTEM32;C:\Windows\WinSxS\amd64_microsoft.windows.common-controls_6595b64144ccf1df_6.0.18362.1556_none_9e7e372fe45e41d5;C:\Users\dougl\graalvm-jdk-17.0.8+9.1\bin\server;C:\Users\dougl\AppData\Local\Temp

VM Arguments:
jvm_args: -XX:ThreadPriorityPolicy=1 -XX:+UnlockExperimentalVMOptions -XX:+EnableJVMCIProduct -XX:-UnlockExperimentalVMOptions -Dmaven.multiModuleProjectDirectory=C:\Users\dougl\OneDrive\Documentos\project-java-v1 
java_command: org.apache.maven.wrapper.MavenWrapperMain compile quarkus:dev
java_class_path (initial): C:\Users\dougl\OneDrive\Documentos\project-java-v1\.mvn\wrapper\maven-wrapper.jar
Launcher Type: SUN_STANDARD

[Global flags]
     intx CICompilerCount                          = 4                                         {product} {ergonomic}
     uint ConcGCThreads                            = 3                                         {product} {ergonomic}
     bool EnableJVMCIProduct                       = true                                {JVMCI product} {jimage}
     uint G1ConcRefinementThreads                  = 10                                        {product} {ergonomic}
   size_t G1HeapRegionSize                         = 2097152                                   {product} {ergonomic}
    uintx GCDrainStackTargetSize                   = 64                                        {product} {ergonomic}
   size_t InitialHeapSize                          = 268435456                                 {product} {ergonomic}
   size_t MarkStackSize                            = 4194304                                   {product} {ergonomic}
   size_t MaxHeapSize                              = 4269801472                                {product} {ergonomic}
   size_t MaxNewSize                               = 2560622592                                {product} {ergonomic}
   size_t MinHeapDeltaBytes                        = 2097152                                   {product} {ergonomic}
   size_t MinHeapSize                              = 8388608                                   {product} {ergonomic}
    uintx NonNMethodCodeHeapSize                   = 6979620                                {pd product} {ergonomic}
    uintx NonProfiledCodeHeapSize                  = 122339310                              {pd product} {ergonomic}
    uintx ProfiledCodeHeapSize                     = 122339310                              {pd product} {ergonomic}
    uintx ReservedCodeCacheSize                    = 251658240                              {pd product} {ergonomic}
     bool SegmentedCodeCache                       = true                                      {product} {ergonomic}
   size_t SoftMaxHeapSize                          = 4269801472                             {manageable} {ergonomic}
     intx ThreadPriorityPolicy                     = 1                                         {product} {jimage}
     bool UseCompressedClassPointers               = true                           {product lp64_product} {ergonomic}
     bool UseCompressedOops                        = true                           {product lp64_product} {ergonomic}
     bool UseG1GC                                  = true                                      {product} {ergonomic}
     bool UseLargePagesIndividualAllocation        = false                                  {pd product} {ergonomic}

Logging:
Log output configuration:
 #0: stdout all=warning uptime,level,tags
 #1: stderr all=off uptime,level,tags

Environment Variables:
JAVA_HOME=C:\Users\dougl\graalvm-jdk-17.0.8+9.1
PATH=C:\Program Files\Common Files\Oracle\Java\javapath;C:\Program Files (x86)\Common Files\Oracle\Java\javapath;C:\Windows\system32;C:\Windows;C:\Windows\System32\Wbem;C:\Windows\System32\WindowsPowerShell\v1.0\;C:\Windows\System32\OpenSSH\;C:\Program Files\dotnet\;C:\Program Files\Microsoft SQL Server\130\Tools\Binn\;C:\Program Files\Microsoft SQL Server\Client SDK\ODBC\170\Tools\Binn\;C:\Program Files\Git\cmd;C:\Program Files (x86)\Microsoft SQL Server\150\DTS\Binn\;C:\Program Files (x86)\Microsoft SQL Server\150\Tools\Binn\;C:\Program Files\Microsoft SQL Server\150\Tools\Binn\;C:\Program Files\Microsoft SQL Server\150\DTS\Binn\;C:\Program Files\NVIDIA Corporation\NVIDIA NvDLISR;C:\Program Files (x86)\NVIDIA Corporation\PhysX\Common;C:\Program Files\nodejs\;C:\Users\dougl\graalvm-jdk-17.0.8+9.1\bin;C:\Users\dougl\apache-maven-3.9.5\bin;C:\Users\dougl\AppData\Local\Programs\Python\Python39\Scripts\;C:\Users\dougl\AppData\Local\Programs\Python\Python39\;C:\Program Files\Java\jdk1.8.0_231\bin;C:\Users\dougl\AppData\Local\Programs\Microsoft VS Code\bin;C:\Users\dougl\.dotnet\tools;C:\Program Files\JetBrains\PyCharm Community Edition 2020.3.3\bin;;C:\SRC\flutter\bin;C:\Users\dougl\.dotnet\tools;C:\Users\dougl\AppData\Roaming\npm
USERNAME=dougl
OS=Windows_NT
PROCESSOR_IDENTIFIER=Intel64 Family 6 Model 63 Stepping 2, GenuineIntel



---------------  S Y S T E M  ---------------

OS:
 Windows 10 , 64 bit Build 18362 (10.0.18362.1500)
OS uptime: 0 days 2:54 hours
Hyper-V role detected

CPU: total 12 (initial active 12) (6 cores per cpu, 2 threads per core) family 6 model 63 stepping 2 microcode 0x44, cx8, cmov, fxsr, ht, mmx, sse, sse2, sse3, ssse3, sse4.1, sse4.2, popcnt, lzcnt, tsc, tscinvbit, avx, avx2, aes, erms, clmul, bmi1, bmi2, fma, vzeroupper, clflush, hv

Memory: 4k page, system-wide physical 16286M (3372M free)
TotalPageFile size 16326M (AvailPageFile size 54M)
current process WorkingSet (physical memory assigned to process): 630M, peak: 630M
current process commit charge ("private bytes"): 676M, peak: 982M

vm_info: Java HotSpot(TM) 64-Bit Server VM (17.0.8+9-LTS-jvmci-23.0-b14) for windows-amd64 JRE (17.0.8+9-LTS-jvmci-23.0-b14), built on Jun 27 2023 11:33:59 by "" with MS VC++ 17.1 (VS2022)

END.
